0 info it worked if it ends with ok
1 verbose cli [ 'node', '/usr/local/bin/npm', 'install', '-g', 'ionic' ]
2 info using npm@2.5.1
3 info using node@v0.12.0
4 silly cache add args [ 'ionic', null ]
5 verbose cache add spec ionic
6 silly cache add parsed spec { raw: 'ionic',
6 silly cache add   scope: null,
6 silly cache add   name: 'ionic',
6 silly cache add   rawSpec: '',
6 silly cache add   spec: '*',
6 silly cache add   type: 'range' }
7 verbose addNamed ionic@*
8 silly addNamed semver.valid null
9 silly addNamed semver.validRange *
10 silly addNameRange { name: 'ionic', range: '*', hasData: false }
11 silly mapToRegistry name ionic
12 silly mapToRegistry using default registry
13 silly mapToRegistry registry https://registry.npmjs.org/
14 silly mapToRegistry uri https://registry.npmjs.org/ionic
15 verbose addNameRange registry:https://registry.npmjs.org/ionic not in flight; fetching
16 verbose request uri https://registry.npmjs.org/ionic
17 verbose request no auth needed
18 info attempt registry request try #1 at 9:04:45 AM
19 verbose request id 036b6ca9dbc0b6f0
20 verbose etag "9TFPG8DCBK8D6CT2GA9STOBXQ"
21 http request GET https://registry.npmjs.org/ionic
22 http 304 https://registry.npmjs.org/ionic
23 silly get cb [ 304,
23 silly get   { date: 'Fri, 27 Feb 2015 13:04:46 GMT',
23 silly get     server: 'Apache',
23 silly get     via: '1.1 varnish',
23 silly get     'last-modified': 'Fri, 27 Feb 2015 13:04:46 GMT',
23 silly get     'cache-control': 'max-age=60',
23 silly get     etag: '"9TFPG8DCBK8D6CT2GA9STOBXQ"',
23 silly get     age: '0',
23 silly get     'x-served-by': 'cache-dfw1829-DFW',
23 silly get     'x-cache': 'MISS',
23 silly get     'x-cache-hits': '0',
23 silly get     'x-timer': 'S1425042286.008451,VS0,VE509',
23 silly get     vary: 'Accept',
23 silly get     'content-length': '0',
23 silly get     'keep-alive': 'timeout=10, max=50',
23 silly get     connection: 'Keep-Alive' } ]
24 verbose etag https://registry.npmjs.org/ionic from cache
25 verbose get saving ionic to /Users/Yellow/.npm/registry.npmjs.org/ionic/.cache.json
26 silly addNameRange number 2 { name: 'ionic', range: '*', hasData: true }
27 silly addNameRange versions [ 'ionic',
27 silly addNameRange   [ '0.9.6',
27 silly addNameRange     '0.9.8',
27 silly addNameRange     '0.9.9',
27 silly addNameRange     '0.9.10',
27 silly addNameRange     '0.9.11',
27 silly addNameRange     '0.9.12',
27 silly addNameRange     '0.9.13',
27 silly addNameRange     '0.9.14',
27 silly addNameRange     '0.9.15',
27 silly addNameRange     '0.9.16',
27 silly addNameRange     '1.0.0-beta.1',
27 silly addNameRange     '1.0.0-beta',
27 silly addNameRange     '1.0.1-beta',
27 silly addNameRange     '1.0.3-beta',
27 silly addNameRange     '1.0.4',
27 silly addNameRange     '1.0.5',
27 silly addNameRange     '1.0.6',
27 silly addNameRange     '1.0.7',
27 silly addNameRange     '1.0.8',
27 silly addNameRange     '1.0.9',
27 silly addNameRange     '1.0.10',
27 silly addNameRange     '1.0.11',
27 silly addNameRange     '1.0.12',
27 silly addNameRange     '1.0.13',
27 silly addNameRange     '1.0.14',
27 silly addNameRange     '1.0.15',
27 silly addNameRange     '1.0.16',
27 silly addNameRange     '1.0.17',
27 silly addNameRange     '1.1.0-beta1',
27 silly addNameRange     '1.1.0-beta2',
27 silly addNameRange     '1.1.0-beta3',
27 silly addNameRange     '1.1.0-beta4',
27 silly addNameRange     '1.1.0-beta5',
27 silly addNameRange     '1.1.0-beta6',
27 silly addNameRange     '1.1.0',
27 silly addNameRange     '1.1.1-beta1',
27 silly addNameRange     '1.1.1-beta2',
27 silly addNameRange     '1.1.1-beta3',
27 silly addNameRange     '1.1.1',
27 silly addNameRange     '1.1.3',
27 silly addNameRange     '1.1.4',
27 silly addNameRange     '1.1.5-beta1',
27 silly addNameRange     '1.1.5-beta2',
27 silly addNameRange     '1.1.5-beta3',
27 silly addNameRange     '1.1.5-beta4',
27 silly addNameRange     '1.1.5-beta5',
27 silly addNameRange     '1.1.5',
27 silly addNameRange     '1.1.6',
27 silly addNameRange     '1.1.7-beta1',
27 silly addNameRange     '1.1.7',
27 silly addNameRange     '1.1.8-beta1',
27 silly addNameRange     '1.1.8-beta2',
27 silly addNameRange     '1.1.8-beta3',
27 silly addNameRange     '1.1.8-beta4',
27 silly addNameRange     '1.1.8-beta5',
27 silly addNameRange     '1.1.8',
27 silly addNameRange     '1.1.9-beta1',
27 silly addNameRange     '1.1.9',
27 silly addNameRange     '1.1.10',
27 silly addNameRange     '1.1.11-beta1',
27 silly addNameRange     '1.1.11-beta2',
27 silly addNameRange     '1.1.11',
27 silly addNameRange     '1.1.12-beta1',
27 silly addNameRange     '1.1.12-beta2',
27 silly addNameRange     '1.1.12-beta3',
27 silly addNameRange     '1.1.12',
27 silly addNameRange     '1.1.13',
27 silly addNameRange     '1.1.14-beta1',
27 silly addNameRange     '1.1.14-beta2',
27 silly addNameRange     '1.1.14-beta3',
27 silly addNameRange     '1.2.0-beta1',
27 silly addNameRange     '1.2.0',
27 silly addNameRange     '1.2.1-beta1',
27 silly addNameRange     '1.2.1-beta2',
27 silly addNameRange     '1.2.1-beta3',
27 silly addNameRange     '1.2.1-beta4',
27 silly addNameRange     '1.2.1',
27 silly addNameRange     '1.2.2',
27 silly addNameRange     '1.2.3-beta1',
27 silly addNameRange     '1.2.3-beta2',
27 silly addNameRange     '1.2.3-beta3',
27 silly addNameRange     '1.2.3',
27 silly addNameRange     '1.2.4-beta1',
27 silly addNameRange     '1.2.4-beta2',
27 silly addNameRange     '1.2.4-beta3',
27 silly addNameRange     '1.2.4',
27 silly addNameRange     '1.2.5-beta1',
27 silly addNameRange     '1.2.5-beta2',
27 silly addNameRange     '1.2.5-beta3',
27 silly addNameRange     '1.2.5',
27 silly addNameRange     '1.2.6-beta1',
27 silly addNameRange     '1.2.6-beta2',
27 silly addNameRange     '1.2.6-beta3',
27 silly addNameRange     '1.2.6',
27 silly addNameRange     '1.2.7',
27 silly addNameRange     '1.2.8-beta1',
27 silly addNameRange     '1.2.8-beta2',
27 silly addNameRange     '1.2.8',
27 silly addNameRange     '1.2.9',
27 silly addNameRange     '1.2.10',
27 silly addNameRange     '1.2.11',
27 silly addNameRange     '1.2.12',
27 silly addNameRange     '1.2.13',
27 silly addNameRange     '1.2.14-beta1',
27 silly addNameRange     '1.2.14-beta2',
27 silly addNameRange     '1.2.14-beta3',
27 silly addNameRange     '1.2.14-beta4',
27 silly addNameRange     '1.2.14-beta5',
27 silly addNameRange     '1.2.14-beta6',
27 silly addNameRange     '1.2.14',
27 silly addNameRange     '1.3.0-beta1',
27 silly addNameRange     '1.3.0',
27 silly addNameRange     '1.3.1',
27 silly addNameRange     '1.3.2',
27 silly addNameRange     '1.3.3',
27 silly addNameRange     '1.3.4',
27 silly addNameRange     '1.3.5',
27 silly addNameRange     '1.3.6',
27 silly addNameRange     '1.3.7',
27 silly addNameRange     '1.3.8',
27 silly addNameRange     '1.3.9',
27 silly addNameRange     '1.3.10',
27 silly addNameRange     '1.4.0-alpha.1',
27 silly addNameRange     '1.3.11',
27 silly addNameRange     '1.3.1-1.alpha.0',
27 silly addNameRange     '1.4.0-alpha.2' ] ]
28 verbose addNamed ionic@1.3.11
29 silly addNamed semver.valid 1.3.11
30 silly addNamed semver.validRange 1.3.11
31 silly cache afterAdd ionic@1.3.11
32 verbose afterAdd /Users/Yellow/.npm/ionic/1.3.11/package/package.json not in flight; writing
33 verbose afterAdd /Users/Yellow/.npm/ionic/1.3.11/package/package.json written
34 silly install resolved [ { name: 'ionic',
34 silly install resolved     version: '1.3.11',
34 silly install resolved     preferGlobal: true,
34 silly install resolved     description: 'A tool for creating and developing Ionic Framework mobile apps.',
34 silly install resolved     homepage: 'http://ionicframework.com/',
34 silly install resolved     bin: { ionic: 'bin/ionic' },
34 silly install resolved     keywords:
34 silly install resolved      [ 'ionic',
34 silly install resolved        'ionic framework',
34 silly install resolved        'ionicframework',
34 silly install resolved        'mobile',
34 silly install resolved        'app',
34 silly install resolved        'hybrid',
34 silly install resolved        'cordova',
34 silly install resolved        'phonegap' ],
34 silly install resolved     repository:
34 silly install resolved      { type: 'git',
34 silly install resolved        url: 'https://github.com/driftyco/ionic-cli.git' },
34 silly install resolved     contributors: [ [Object], [Object], [Object], [Object] ],
34 silly install resolved     license: 'MIT',
34 silly install resolved     dependencies:
34 silly install resolved      { archiver: '0.5.1',
34 silly install resolved        colors: '0.6.2',
34 silly install resolved        connect: '3.1.1',
34 silly install resolved        'connect-livereload': '0.5.2',
34 silly install resolved        crc: '3.2.1',
34 silly install resolved        'cross-spawn': '0.2.3',
34 silly install resolved        'event-stream': '3.0.x',
34 silly install resolved        finalhandler: '0.2.0',
34 silly install resolved        'form-data': '0.1.4',
34 silly install resolved        gulp: '3.8.8',
34 silly install resolved        ncp: '0.4.2',
34 silly install resolved        npm: '2.1.3',
34 silly install resolved        'opbeat-ionic': '^1.1.3',
34 silly install resolved        open: 'https://registry.npmjs.org/open/-/open-0.0.5.tgz',
34 silly install resolved        optimist: '0.6.0',
34 silly install resolved        progress: '1.1.7',
34 silly install resolved        prompt: '0.2.12',
34 silly install resolved        'proxy-middleware': '^0.7.0',
34 silly install resolved        q: '1.0.1',
34 silly install resolved        request: '2.51.0',
34 silly install resolved        semver: '^4.2.0',
34 silly install resolved        'serve-static': '1.7.1',
34 silly install resolved        shelljs: '0.2.6',
34 silly install resolved        'tiny-lr-fork': '0.0.5',
34 silly install resolved        underscore: '~1.7.0',
34 silly install resolved        unzip: '0.1.9',
34 silly install resolved        'vinyl-fs': '0.3.7',
34 silly install resolved        xml2js: '0.4.4' },
34 silly install resolved     gitHead: 'dd1085b1bf66f6ee69c90d90355d12f9a34d01ff',
34 silly install resolved     bugs: { url: 'https://github.com/driftyco/ionic-cli/issues' },
34 silly install resolved     _id: 'ionic@1.3.11',
34 silly install resolved     scripts: {},
34 silly install resolved     _shasum: '36576e05586596a752d526f797705a4c514cd9f8',
34 silly install resolved     _from: 'ionic@*',
34 silly install resolved     _npmVersion: '2.5.1',
34 silly install resolved     _nodeVersion: '0.12.0',
34 silly install resolved     _npmUser: { name: 'drifty', email: 'max@drifty.com' },
34 silly install resolved     maintainers: [ [Object] ],
34 silly install resolved     dist:
34 silly install resolved      { shasum: '36576e05586596a752d526f797705a4c514cd9f8',
34 silly install resolved        tarball: 'http://registry.npmjs.org/ionic/-/ionic-1.3.11.tgz' },
34 silly install resolved     directories: {},
34 silly install resolved     _resolved: 'https://registry.npmjs.org/ionic/-/ionic-1.3.11.tgz',
34 silly install resolved     readme: 'ERROR: No README data found!' } ]
35 info install ionic@1.3.11 into /usr/local/lib
36 info installOne ionic@1.3.11
37 verbose installOne of ionic to /usr/local/lib not in flight; installing
38 warn locking Error: EACCES, open '/Users/Yellow/.npm/_locks/ionic-61c0cd50dc7a1457.lock'
38 warn locking     at Error (native)
38 warn locking  /Users/Yellow/.npm/_locks/ionic-61c0cd50dc7a1457.lock failed { [Error: EACCES, open '/Users/Yellow/.npm/_locks/ionic-61c0cd50dc7a1457.lock']
38 warn locking   errno: -13,
38 warn locking   code: 'EACCES',
38 warn locking   path: '/Users/Yellow/.npm/_locks/ionic-61c0cd50dc7a1457.lock' }
39 verbose stack Error: Attempt to unlock /usr/local/lib/node_modules/ionic, which hasn't been locked
39 verbose stack     at unlock (/usr/local/lib/node_modules/npm/lib/utils/locker.js:66:11)
39 verbose stack     at cb (/usr/local/lib/node_modules/npm/lib/install.js:929:5)
39 verbose stack     at /usr/local/lib/node_modules/npm/lib/install.js:933:20
39 verbose stack     at /usr/local/lib/node_modules/npm/lib/utils/locker.js:40:9
39 verbose stack     at cb (/usr/local/lib/node_modules/npm/node_modules/lockfile/lockfile.js:149:38)
39 verbose stack     at /usr/local/lib/node_modules/npm/node_modules/lockfile/lockfile.js:177:38
39 verbose stack     at FSReqWrap.oncomplete (fs.js:99:15)
40 verbose cwd /Users/Yellow/DEV/Kaplow/myapp
41 error Darwin 13.4.0
42 error argv "node" "/usr/local/bin/npm" "install" "-g" "ionic"
43 error node v0.12.0
44 error npm  v2.5.1
45 error Attempt to unlock /usr/local/lib/node_modules/ionic, which hasn't been locked
46 error If you need help, you may report this error at:
46 error     <http://github.com/npm/npm/issues>
47 verbose exit [ 1, true ]
